[0/2] Re-checking globbed directories...
ninja: no work to do.
========================================
无人机辅助无线通信资源分配仿真
========================================
节点数量: 15
信道数量: 3
仿真时长: 200 秒
目标PDR: 85%
最大时延: 100 ms
========================================
设置混合业务模式...
混合业务设置完成

开始仿真...
时间 0.5s: 开始资源重分配
执行动态信道分配...
信道分配完成
执行动态功率控制...
功率控制完成
执行自适应速率调整...
速率调整完成
资源重分配完成
时间 5.5s: 开始资源重分配
执行动态信道分配...
信道分配完成
执行动态功率控制...
功率控制完成
执行自适应速率调整...
速率调整完成
资源重分配完成
时间 10.5s: 开始资源重分配
执行动态信道分配...
信道分配完成
执行动态功率控制...
功率控制完成
执行自适应速率调整...
速率调整完成
资源重分配完成
时间 15.5s: 开始资源重分配
执行动态信道分配...
信道分配完成
执行动态功率控制...
功率控制完成
执行自适应速率调整...
速率调整完成
资源重分配完成
时间 20.5s: 开始资源重分配
执行动态信道分配...
信道分配完成
执行动态功率控制...
功率控制完成
执行自适应速率调整...
速率调整完成
资源重分配完成
时间 25.5s: 开始资源重分配
执行动态信道分配...
信道分配完成
执行动态功率控制...
功率控制完成
执行自适应速率调整...
速率调整完成
资源重分配完成
时间 30.5s: 开始资源重分配
执行动态信道分配...
信道分配完成
执行动态功率控制...
功率控制完成
执行自适应速率调整...
速率调整完成
资源重分配完成
时间 35.5s: 开始资源重分配
执行动态信道分配...
信道分配完成
执行动态功率控制...
功率控制完成
执行自适应速率调整...
速率调整完成
资源重分配完成
时间 40.5s: 开始资源重分配
执行动态信道分配...
信道分配完成
执行动态功率控制...
功率控制完成
执行自适应速率调整...
速率调整完成
资源重分配完成
时间 45.5s: 开始资源重分配
执行动态信道分配...
信道分配完成
执行动态功率控制...
功率控制完成
执行自适应速率调整...
速率调整完成
资源重分配完成
时间 50.5s: 开始资源重分配
执行动态信道分配...
信道分配完成
执行动态功率控制...
功率控制完成
执行自适应速率调整...
速率调整完成
Ground Station (GCS) FAILED! Switching to empty-空空自组网
资源重分配完成
时间 55.5s: 开始资源重分配
执行动态信道分配...
信道分配完成
执行动态功率控制...
功率控制完成
执行自适应速率调整...
速率调整完成
资源重分配完成
时间 60.5s: 开始资源重分配
执行动态信道分配...
信道分配完成
执行动态功率控制...
功率控制完成
执行自适应速率调整...
速率调整完成
资源重分配完成
时间 65.5s: 开始资源重分配
执行动态信道分配...
信道分配完成
执行动态功率控制...
功率控制完成
执行自适应速率调整...
速率调整完成
资源重分配完成
时间 70.5s: 开始资源重分配
执行动态信道分配...
信道分配完成
执行动态功率控制...
功率控制完成
执行自适应速率调整...
速率调整完成
资源重分配完成
时间 75.5s: 开始资源重分配
执行动态信道分配...
信道分配完成
执行动态功率控制...
功率控制完成
执行自适应速率调整...
速率调整完成
资源重分配完成
时间 80.5s: 开始资源重分配
执行动态信道分配...
信道分配完成
执行动态功率控制...
功率控制完成
执行自适应速率调整...
速率调整完成
资源重分配完成
时间 85.5s: 开始资源重分配
执行动态信道分配...
信道分配完成
执行动态功率控制...
功率控制完成
执行自适应速率调整...
速率调整完成
资源重分配完成
时间 90.5s: 开始资源重分配
执行动态信道分配...
信道分配完成
执行动态功率控制...
功率控制完成
执行自适应速率调整...
速率调整完成
资源重分配完成
时间 95.5s: 开始资源重分配
执行动态信道分配...
信道分配完成
执行动态功率控制...
功率控制完成
执行自适应速率调整...
速率调整完成
资源重分配完成
时间 100.5s: 开始资源重分配
执行动态信道分配...
信道分配完成
执行动态功率控制...
功率控制完成
执行自适应速率调整...
速率调整完成
Ground Station (GCS) RECOVERED!
资源重分配完成
时间 105.5s: 开始资源重分配
执行动态信道分配...
信道分配完成
执行动态功率控制...
功率控制完成
执行自适应速率调整...
速率调整完成
资源重分配完成
时间 110.5s: 开始资源重分配
执行动态信道分配...
信道分配完成
执行动态功率控制...
功率控制完成
执行自适应速率调整...
速率调整完成
资源重分配完成
时间 115.5s: 开始资源重分配
执行动态信道分配...
信道分配完成
执行动态功率控制...
功率控制完成
执行自适应速率调整...
速率调整完成
资源重分配完成
时间 120.5s: 开始资源重分配
执行动态信道分配...
信道分配完成
执行动态功率控制...
功率控制完成
执行自适应速率调整...
速率调整完成
资源重分配完成
时间 125.5s: 开始资源重分配
执行动态信道分配...
信道分配完成
执行动态功率控制...
功率控制完成
执行自适应速率调整...
速率调整完成
资源重分配完成
时间 130.5s: 开始资源重分配
执行动态信道分配...
信道分配完成
执行动态功率控制...
功率控制完成
执行自适应速率调整...
速率调整完成
资源重分配完成
时间 135.5s: 开始资源重分配
执行动态信道分配...
信道分配完成
执行动态功率控制...
功率控制完成
执行自适应速率调整...
速率调整完成
资源重分配完成
时间 140.5s: 开始资源重分配
执行动态信道分配...
信道分配完成
执行动态功率控制...
功率控制完成
执行自适应速率调整...
速率调整完成
资源重分配完成
时间 145.5s: 开始资源重分配
执行动态信道分配...
信道分配完成
执行动态功率控制...
功率控制完成
执行自适应速率调整...
速率调整完成
资源重分配完成
时间 150.5s: 开始资源重分配
执行动态信道分配...
信道分配完成
执行动态功率控制...
功率控制完成
执行自适应速率调整...
速率调整完成
资源重分配完成
时间 155.5s: 开始资源重分配
执行动态信道分配...
信道分配完成
执行动态功率控制...
功率控制完成
执行自适应速率调整...
速率调整完成
资源重分配完成
时间 160.5s: 开始资源重分配
执行动态信道分配...
信道分配完成
执行动态功率控制...
功率控制完成
执行自适应速率调整...
速率调整完成
资源重分配完成
时间 165.5s: 开始资源重分配
执行动态信道分配...
信道分配完成
执行动态功率控制...
功率控制完成
执行自适应速率调整...
速率调整完成
资源重分配完成
时间 170.5s: 开始资源重分配
执行动态信道分配...
信道分配完成
执行动态功率控制...
功率控制完成
执行自适应速率调整...
速率调整完成
资源重分配完成
时间 175.5s: 开始资源重分配
执行动态信道分配...
信道分配完成
执行动态功率控制...
功率控制完成
执行自适应速率调整...
速率调整完成
资源重分配完成
时间 180.5s: 开始资源重分配
执行动态信道分配...
信道分配完成
执行动态功率控制...
功率控制完成
执行自适应速率调整...
速率调整完成
资源重分配完成
时间 185.5s: 开始资源重分配
执行动态信道分配...
信道分配完成
执行动态功率控制...
功率控制完成
执行自适应速率调整...
速率调整完成
资源重分配完成
时间 190.5s: 开始资源重分配
执行动态信道分配...
信道分配完成
执行动态功率控制...
功率控制完成
执行自适应速率调整...
速率调整完成
资源重分配完成
时间 195.5s: 开始资源重分配
执行动态信道分配...
信道分配完成
执行动态功率控制...
功率控制完成
执行自适应速率调整...
速率调整完成
资源重分配完成

========================================
仿真完成！
========================================
平均分组投递率: 0%
平均端到端时延: -nan ms
总吞吐量: 0 Mbps
输出文件保存在: output/resource_allocation
========================================
[Score-P] src/measurement/SCOREP_Memory.c:187: Error: No free memory page available: Out of memory. Please increase SCOREP_TOTAL_MEMORY=16375808 and try again.
[Score-P] Memory usage of rank 0
[Score-P] Memory used so far:
[Score-P] Score-P runtime-management memory tracking:
[Score-P] Memory: Requested:
[Score-P] SCOREP_TOTAL_MEMORY [bytes]                             16375808       
[Score-P] SCOREP_PAGE_SIZE [bytes]                                8192           
[Score-P] Number of pages of size SCOREP_PAGE_SIZE                1999           

[Score-P] Number of locations                                     1              

[Score-P] Memory: Pages
[Score-P] Maximum number of pages allocated at a time             2000           
[Score-P] Number of pages currently allocated                     2000           

[Score-P] Memory: Maintenance
[Score-P] Memory allocated [bytes]                                131072         
[Score-P] Memory used [bytes]                                     128384         
[Score-P] Memory available [bytes]                                2688           
[Score-P] Alignment loss [bytes]                                  8176           
[Score-P] Number of pages allocated                               16             
[Score-P] Number of pages used                                    16             

[Score-P] Memory: Definitions
[Score-P] Memory allocated [bytes]                                16236544       
[Score-P] Memory used [bytes]                                     16186755       
[Score-P] Memory available [bytes]                                49789          
[Score-P] Alignment loss [bytes]                                  239040         
[Score-P] Number of pages allocated                               1982           
[Score-P] Number of pages used                                    1982           

[Score-P] Memory: Tracing (events)
[Score-P] Memory allocated [bytes]                                0              
[Score-P] Memory used [bytes]                                     0              
[Score-P] Memory available [bytes]                                0              
[Score-P] Alignment loss [bytes]                                  0              
[Score-P] Number of pages allocated                               0              
[Score-P] Number of pages used                                    0              

[Score-P] Memory: Location-Misc
[Score-P] Memory allocated [bytes]                                8192           
[Score-P] Memory used [bytes]                                     1688           
[Score-P] Memory available [bytes]                                6504           
[Score-P] Alignment loss [bytes]                                  48             
[Score-P] Number of pages allocated                               1              
[Score-P] Number of pages used                                    1              

[Score-P] Memory: Location-Definitions
[Score-P] Memory allocated [bytes]                                0              
[Score-P] Memory used [bytes]                                     0              
[Score-P] Memory available [bytes]                                0              
[Score-P] Alignment loss [bytes]                                  0              
[Score-P] Number of pages allocated                               0              
[Score-P] Number of pages used                                    0              

[Score-P] Memory: Location-Profiling
[Score-P] Memory allocated [bytes]                                0              
[Score-P] Memory used [bytes]                                     0              
[Score-P] Memory available [bytes]                                0              
[Score-P] Alignment loss [bytes]                                  0              
[Score-P] Number of pages allocated                               0              
[Score-P] Number of pages used                                    0              

Command 'build/scratch/ns3.43-uav_resource_allocation-debug' died with <Signals.SIGABRT: 6>.
